<?xml version="1.0" encoding="UTF-8"?>
<!-- Generated by org.testng.reporters.JUnitReportReporter -->
<testsuite hostname="DESKTOP-5D6FQ8B" failures="0" tests="1" name="com.mystore.baseclass.base" time="8.223" errors="0" timestamp="2022-09-07T13:09:15 IST" skipped="0">
  <testcase classname="com.mystore.baseclass.base" name="launchBrowser" time="8.223"/>
  <system-out/>
</testsuite> <!-- com.mystore.baseclass.base -->
