<?xml version="1.0" encoding="UTF-8"?>
<!-- Generated by org.testng.reporters.JUnitReportReporter -->
<testsuite hostname="DESKTOP-5D6FQ8B" failures="0" tests="1" name="com.mystore.testcases.SearchResultTest" time="7.963" errors="0" timestamp="2022-09-10T15:22:30 IST" skipped="0">
  <testcase classname="com.mystore.testcases.SearchResultTest" name="SearchResTest" time="7.963"/>
  <system-out/>
</testsuite> <!-- com.mystore.testcases.SearchResultTest -->
