<?xml version="1.0" encoding="UTF-8"?>
<!-- Generated by org.testng.reporters.JUnitReportReporter -->
<testsuite hostname="DESKTOP-5D6FQ8B" failures="0" tests="1" name="com.mystore.testcases.EndToEndTest" time="65.786" errors="0" timestamp="2022-09-10T15:22:30 IST" skipped="0">
  <testcase classname="com.mystore.testcases.EndToEndTest" name="endtoendtest" time="65.786"/>
  <system-out/>
</testsuite> <!-- com.mystore.testcases.EndToEndTest -->
