<?xml version="1.0" encoding="UTF-8"?>
<!-- Generated by org.testng.reporters.JUnitReportReporter -->
<testsuite hostname="DESKTOP-5D6FQ8B" failures="0" tests="2" name="com.mystore.testcases.IndexPageTest" time="7.270" errors="0" timestamp="2022-09-10T15:22:30 IST" skipped="0">
  <testcase classname="com.mystore.testcases.IndexPageTest" name="ValidateLogo" time="0.821"/>
  <system-out/>
  <testcase classname="com.mystore.testcases.IndexPageTest" name="ValidateTitle" time="6.449"/>
  <system-out/>
</testsuite> <!-- com.mystore.testcases.IndexPageTest -->
