<?xml version="1.0" encoding="UTF-8"?>
<!-- Generated by org.testng.reporters.JUnitReportReporter -->
<testsuite hostname="DESKTOP-5D6FQ8B" failures="0" tests="1" name="com.mystore.testcases.orderpagetest" time="24.459" errors="0" timestamp="2022-09-10T15:22:30 IST" skipped="0">
  <testcase classname="com.mystore.testcases.orderpagetest" name="OrderPageTest" time="24.459"/>
  <system-out/>
</testsuite> <!-- com.mystore.testcases.orderpagetest -->
